-------------------------------------------------------------------------------
Test set: yandex.TestTask4
-------------------------------------------------------------------------------
Tests run: 1, Failures: 1, Errors: 0, Skipped: 0, Time elapsed: 4.361 s <<< FAILURE! - in yandex.TestTask4
task4(yandex.TestTask4)  Time elapsed: 4.358 s  <<< FAILURE!
java.lang.AssertionError: 
1 expectation failed.
Expected status code <201> but was <409>.

	at yandex.TestTask4.task4(TestTask4.java:39)

